( This is first order matching
( CM energy=  13.000TeV, collider:   1
( HqT2.0 runs with LHAPDF routines
( PDF4LHC15_nnlo_100       , mem=  0
( alpha_S( 125.09 GeV) = 0.112628
( Mh=  125.09GeV, complex plane
( Q=   125.09GeV
( mur= 125.09GeV, muf= 125.09GeV
( g= 0.00, norm=  0
( qt             res            asym           fixor          matched        switched
  5.0000000E+00  4.2698126E-02  2.9040004E-34  1.4309317E-05  4.2712435E-02  4.2712435E-02
  7.5000000E+00  3.2954386E-02  1.9286768E-34  2.1292217E-05  3.2975678E-02  3.2975678E-02
  1.0000000E+01  2.0846528E-02  1.4396677E-34  2.8077557E-05  2.0874606E-02  2.0874606E-02
  1.2500000E+01  1.0856963E-02  1.1453512E-34  3.4615445E-05  1.0891579E-02  1.0891579E-02
  1.5000000E+01  3.6089031E-03  9.4848702E-35  4.0861459E-05  3.6497645E-03  3.6497645E-03
  1.7500000E+01 -1.3350436E-03  8.0738259E-35  4.6781436E-05 -1.2882622E-03 -1.2882622E-03
  2.0000000E+01 -4.5620182E-03  7.0118081E-35  5.2349961E-05 -4.5096683E-03 -4.5096683E-03
  2.2500000E+01 -6.5699433E-03  6.1828731E-35  5.7544681E-05 -6.5123987E-03 -6.5123987E-03
  2.5000000E+01 -7.7324856E-03  5.5174059E-35  6.2353999E-05 -7.6701316E-03 -7.6701316E-03
  2.7500000E+01 -8.3172587E-03  4.9710706E-35  6.6769661E-05 -8.2504890E-03 -8.2504890E-03
  3.0000000E+01 -8.5121683E-03  4.5142835E-35  7.0791724E-05 -8.4413766E-03 -8.4413766E-03
