( CM energy=  13.000TeV, collider:   1
( HqT2.0 runs with LHAPDF routines
( PDF4LHC15_nnlo_100       , mem=  0
( alpha_S( 125.09 GeV) = 0.112628
( Mh=  125.09GeV, complex plane
( Q=   125.09GeV
( mur= 125.09GeV, muf= 125.09GeV
( g= 0.00, norm=  0
( qt             res            asym           fixor          matched        switched
  5.0000000E+00  2.3566127E-01
  7.5000000E+00  2.7825514E-01
  1.0000000E+01  2.9180610E-01
  1.2500000E+01  2.8936853E-01
  1.5000000E+01  2.7853173E-01
  1.7500000E+01  2.6357007E-01
  2.0000000E+01  2.4688262E-01
  2.2500000E+01  2.2981221E-01
  2.5000000E+01  2.1310015E-01
  2.7500000E+01  1.9714138E-01
  3.0000000E+01  1.8212883E-01
